<?xml version="1.0" encoding="UTF-8"?>
<!-- Generated by org.testng.reporters.JUnitReportReporter -->
<testsuite hostname="SANDEEPINI" name="com.actitime.test.CreateUser" tests="3" failures="0" timestamp="16 Oct 2019 17:51:32 GMT" time="0.042" errors="0">
  <testcase name="testDeleteUser" time="0.002" classname="com.actitime.test.CreateUser"/>
  <testcase name="testCreateUser" time="0.038" classname="com.actitime.test.CreateUser"/>
  <testcase name="testEditUser" time="0.002" classname="com.actitime.test.CreateUser"/>
</testsuite> <!-- com.actitime.test.CreateUser -->
